[2026-05-23 00:23:30] Parallel H200 run starting. run_label=parallel_h200_20260523_002330 logs=logs/parallel_h200_20260523_002330
[2026-05-23 00:23:30] Shard A offset=0 limit=50 on GPU 0
[2026-05-23 00:23:31] Shard B offset=50 limit=50 on GPU 3
[2026-05-23 00:23:31] Prompt-only default then min-200 on GPU 1
[2026-05-23 00:23:31] Oracle target control once on GPU 2
[2026-05-23 00:23:31] Full deterministic oracle preset: rollout_post_prompt_oracle
[2026-05-23 00:23:31] GPU1/GPU2 extra deterministic prompts path: prompts/oracle_prompts/model_answer_min_200_words.json
[2026-05-23 00:23:31] Starting GPU 3 attempt: ./run_oracle_experiment.sh --preset target_judging_only --target-prompt-offset 50 --target-prompt-limit 50 --num-rollouts 50 --target-judge-batch-size 64 --judge-instruction-path strongReject_v5.jinja2 --judge-thinking off --wandb on --wandb-run-name parallel_h200_20260523_002330__gpu3_target_judging_shard_B --set WANDB_GROUP=parallel_h200_20260523_002330 --set WANDB_JOB_TYPE=gpu3_target_judging_shard_B 
[2026-05-23 00:23:31] Starting GPU 0 attempt: ./run_oracle_experiment.sh --preset target_judging_only --target-prompt-offset 0 --target-prompt-limit 50 --num-rollouts 50 --target-judge-batch-size 64 --judge-instruction-path strongReject_v5.jinja2 --judge-thinking off --wandb on --wandb-run-name parallel_h200_20260523_002330__gpu0_target_judging_shard_A --set WANDB_GROUP=parallel_h200_20260523_002330 --set WANDB_JOB_TYPE=gpu0_target_judging_shard_A 
[2026-05-23 00:23:31] Starting GPU 1 attempt: ./run_oracle_experiment.sh --preset prompt_only_oracle --target-prompt-offset 0 --target-prompt-limit 100 --num-oracle-rollouts 50 --oracle-prompts-path prompts/oracle_prompts/default_oracle_prompts.json --oracle-eval-batch-size 128 --oracle-judge-batch-size 64 --judge-instruction-path strongReject_v5.jinja2 --judge-thinking off --wandb on --wandb-run-name parallel_h200_20260523_002330__gpu1_prompt_only_default --set WANDB_GROUP=parallel_h200_20260523_002330 --set WANDB_JOB_TYPE=gpu1_prompt_only_default 
[2026-05-23 00:23:31] Starting GPU 2 attempt: ./run_oracle_experiment.sh --preset oracle_target_control --target-prompt-offset 0 --target-prompt-limit 100 --num-rollouts 50 --target-judge-batch-size 64 --target-thinking off --judge-instruction-path strongReject_v5.jinja2 --judge-thinking off --wandb on --wandb-run-name parallel_h200_20260523_002330__gpu2_oracle_target_control --set WANDB_GROUP=parallel_h200_20260523_002330 --set WANDB_JOB_TYPE=gpu2_oracle_target_control 
[2026-05-23 00:23:31] Attempt log: logs/parallel_h200_20260523_002330/gpu0_target_judging_shard_A_attempt-1_target-judge-batch-64.log
[2026-05-23 00:23:31] Attempt log: logs/parallel_h200_20260523_002330/gpu3_target_judging_shard_B_attempt-1_target-judge-batch-64.log
[2026-05-23 00:23:31] Attempt log: logs/parallel_h200_20260523_002330/gpu1_prompt_only_default_attempt-1_oracle-eval-128_oracle-judge-64.log
[2026-05-23 00:23:31] Attempt log: logs/parallel_h200_20260523_002330/gpu2_oracle_target_control_attempt-1_target-judge-batch-64.log
[2026-05-23 00:23:58] Finished GPU 3 attempt successfully: gpu3_target_judging_shard_B_attempt-1_target-judge-batch-64.log
[2026-05-23 00:23:58] Starting GPU 3 attempt: ./run_oracle_experiment.sh --preset rollout_post_prompt_oracle --target-prompt-offset 50 --target-prompt-limit 50 --num-rollouts 50 --oracle-prompts-path prompts/oracle_prompts/default_oracle_prompts.json --oracle-eval-batch-size 128 --oracle-judge-batch-size 64 --judge-instruction-path strongReject_v5.jinja2 --judge-thinking off --wandb on --wandb-run-name parallel_h200_20260523_002330__gpu3_full_deterministic_shard_B_default --set WANDB_GROUP=parallel_h200_20260523_002330 --set WANDB_JOB_TYPE=gpu3_full_deterministic_shard_B_default 
[2026-05-23 00:23:58] Attempt log: logs/parallel_h200_20260523_002330/gpu3_full_deterministic_shard_B_default_attempt-1_oracle-eval-128_oracle-judge-64.log
[2026-05-23 00:24:15] Finished GPU 0 attempt successfully: gpu0_target_judging_shard_A_attempt-1_target-judge-batch-64.log
[2026-05-23 00:24:15] Starting GPU 0 attempt: ./run_oracle_experiment.sh --preset rollout_post_prompt_oracle --target-prompt-offset 0 --target-prompt-limit 50 --num-rollouts 50 --oracle-prompts-path prompts/oracle_prompts/default_oracle_prompts.json --oracle-eval-batch-size 128 --oracle-judge-batch-size 64 --judge-instruction-path strongReject_v5.jinja2 --judge-thinking off --wandb on --wandb-run-name parallel_h200_20260523_002330__gpu0_full_deterministic_shard_A_default --set WANDB_GROUP=parallel_h200_20260523_002330 --set WANDB_JOB_TYPE=gpu0_full_deterministic_shard_A_default 
[2026-05-23 00:24:15] Attempt log: logs/parallel_h200_20260523_002330/gpu0_full_deterministic_shard_A_default_attempt-1_oracle-eval-128_oracle-judge-64.log
[2026-05-23 00:24:16] Finished GPU 2 attempt successfully: gpu2_oracle_target_control_attempt-1_target-judge-batch-64.log
[2026-05-23 00:24:16] Starting GPU 2 attempt: ./run_oracle_experiment.sh --preset rollout_post_prompt_oracle --target-prompt-offset 50 --target-prompt-limit 50 --num-rollouts 50 --oracle-prompts-path prompts/oracle_prompts/model_answer_min_200_words.json --oracle-eval-batch-size 128 --oracle-judge-batch-size 64 --judge-instruction-path strongReject_v5.jinja2 --judge-thinking off --wandb on --wandb-run-name parallel_h200_20260523_002330__gpu2_full_deterministic_extra_shard_B_other_prompt --set WANDB_GROUP=parallel_h200_20260523_002330 --set WANDB_JOB_TYPE=gpu2_full_deterministic_extra_shard_B_other_prompt 
[2026-05-23 00:24:16] Attempt log: logs/parallel_h200_20260523_002330/gpu2_full_deterministic_extra_shard_B_other_prompt_attempt-1_oracle-eval-128_oracle-judge-64.log
[2026-05-23 00:24:17] Finished GPU 1 attempt successfully: gpu1_prompt_only_default_attempt-1_oracle-eval-128_oracle-judge-64.log
[2026-05-23 00:24:17] Starting GPU 1 attempt: ./run_oracle_experiment.sh --preset prompt_only_oracle --target-prompt-offset 0 --target-prompt-limit 100 --num-oracle-rollouts 50 --oracle-prompts-path prompts/oracle_prompts/model_answer_min_200_words.json --oracle-eval-batch-size 128 --oracle-judge-batch-size 64 --judge-instruction-path strongReject_v5.jinja2 --judge-thinking off --wandb on --wandb-run-name parallel_h200_20260523_002330__gpu1_prompt_only_min_200 --set WANDB_GROUP=parallel_h200_20260523_002330 --set WANDB_JOB_TYPE=gpu1_prompt_only_min_200 
[2026-05-23 00:24:17] Attempt log: logs/parallel_h200_20260523_002330/gpu1_prompt_only_min_200_attempt-1_oracle-eval-128_oracle-judge-64.log
[2026-05-23 02:26:10] Finished GPU 0 attempt successfully: gpu0_full_deterministic_shard_A_default_attempt-1_oracle-eval-128_oracle-judge-64.log
[2026-05-23 02:26:10] Starting GPU 0 attempt: ./run_oracle_experiment.sh --preset rollout_post_prompt_oracle --target-prompt-offset 0 --target-prompt-limit 50 --num-rollouts 50 --oracle-prompts-path prompts/oracle_prompts/model_answer_min_200_words.json --oracle-eval-batch-size 128 --oracle-judge-batch-size 64 --judge-instruction-path strongReject_v5.jinja2 --judge-thinking off --wandb on --wandb-run-name parallel_h200_20260523_002330__gpu0_full_deterministic_shard_A_min_200 --set WANDB_GROUP=parallel_h200_20260523_002330 --set WANDB_JOB_TYPE=gpu0_full_deterministic_shard_A_min_200 
[2026-05-23 02:26:10] Attempt log: logs/parallel_h200_20260523_002330/gpu0_full_deterministic_shard_A_min_200_attempt-1_oracle-eval-128_oracle-judge-64.log
