[2026-05-22 19:50:17] Parallel H200 run starting. Logs: logs/parallel_h200_20260522_195017
[2026-05-22 19:50:17] Shard A offset=0 limit=50 on GPU 0
[2026-05-22 19:50:17] Shard B offset=50 limit=50 on GPU 3
[2026-05-22 19:50:17] Prompt-only default then min-200 on GPU 1
[2026-05-22 19:50:17] Oracle target control once on GPU 2
[2026-05-22 19:50:17] Full deterministic oracle preset: rollout_post_prompt_oracle
[2026-05-22 19:50:17] Starting GPU 0 attempt: ./run_oracle_experiment.sh --preset target_judging_only --target-prompt-offset 0 --target-prompt-limit 50 --num-rollouts 50 --target-judge-batch-size 64 --judge-instruction-path strongReject_v5.jinja2 --judge-thinking off --wandb on --wandb-run-name gpu0_target_judging_shard_A 
[2026-05-22 19:50:17] Starting GPU 3 attempt: ./run_oracle_experiment.sh --preset target_judging_only --target-prompt-offset 50 --target-prompt-limit 50 --num-rollouts 50 --target-judge-batch-size 64 --judge-instruction-path strongReject_v5.jinja2 --judge-thinking off --wandb on --wandb-run-name gpu3_target_judging_shard_B 
[2026-05-22 19:50:17] Starting GPU 1 attempt: ./run_oracle_experiment.sh --preset prompt_only_oracle --target-prompt-offset 0 --target-prompt-limit 100 --num-oracle-rollouts 50 --oracle-prompts-path prompts/oracle_prompts/default_oracle_prompts.json --oracle-eval-batch-size 128 --oracle-judge-batch-size 64 --judge-instruction-path strongReject_v5.jinja2 --judge-thinking off --wandb on --wandb-run-name gpu1_prompt_only_default 
[2026-05-22 19:50:17] Starting GPU 2 attempt: ./run_oracle_experiment.sh --preset oracle_target_control --target-prompt-offset 0 --target-prompt-limit 100 --num-rollouts 50 --target-judge-batch-size 64 --judge-instruction-path strongReject_v5.jinja2 --judge-thinking off --wandb on --wandb-run-name gpu2_oracle_target_control 
[2026-05-22 19:50:17] Attempt log: logs/parallel_h200_20260522_195017/gpu3_target_judging_shard_B_attempt-1_target-judge-batch-64.log
[2026-05-22 19:50:17] Attempt log: logs/parallel_h200_20260522_195017/gpu0_target_judging_shard_A_attempt-1_target-judge-batch-64.log
[2026-05-22 19:50:17] Attempt log: logs/parallel_h200_20260522_195017/gpu1_prompt_only_default_attempt-1_oracle-eval-128_oracle-judge-64.log
[2026-05-22 19:50:17] Attempt log: logs/parallel_h200_20260522_195017/gpu2_oracle_target_control_attempt-1_target-judge-batch-64.log
[2026-05-22 20:36:33] Finished GPU 1 attempt successfully: gpu1_prompt_only_default_attempt-1_oracle-eval-128_oracle-judge-64.log
[2026-05-22 20:36:33] Starting GPU 1 attempt: ./run_oracle_experiment.sh --preset prompt_only_oracle --target-prompt-offset 0 --target-prompt-limit 100 --num-oracle-rollouts 50 --oracle-prompts-path prompts/oracle_prompts/model_answer_min_200_words.json --oracle-eval-batch-size 128 --oracle-judge-batch-size 64 --judge-instruction-path strongReject_v5.jinja2 --judge-thinking off --wandb on --wandb-run-name gpu1_prompt_only_min_200 
[2026-05-22 20:36:33] Attempt log: logs/parallel_h200_20260522_195017/gpu1_prompt_only_min_200_attempt-1_oracle-eval-128_oracle-judge-64.log
[2026-05-22 20:40:53] GPU 3 attempt failed with exit code 0: gpu3_target_judging_shard_B_attempt-1_target-judge-batch-64.log
[2026-05-22 20:40:53] Starting GPU 3 attempt: ./run_oracle_experiment.sh --preset rollout_post_prompt_oracle --target-prompt-offset 50 --target-prompt-limit 50 --num-rollouts 50 --oracle-prompts-path prompts/oracle_prompts/default_oracle_prompts.json --oracle-eval-batch-size 128 --oracle-judge-batch-size 64 --judge-instruction-path strongReject_v5.jinja2 --judge-thinking off --wandb on --wandb-run-name gpu3_full_deterministic_shard_B_default 
[2026-05-22 20:40:53] Attempt log: logs/parallel_h200_20260522_195017/gpu3_full_deterministic_shard_B_default_attempt-1_oracle-eval-128_oracle-judge-64.log
[2026-05-22 20:42:42] Finished GPU 0 attempt successfully: gpu0_target_judging_shard_A_attempt-1_target-judge-batch-64.log
[2026-05-22 20:42:42] Starting GPU 0 attempt: ./run_oracle_experiment.sh --preset rollout_post_prompt_oracle --target-prompt-offset 0 --target-prompt-limit 50 --num-rollouts 50 --oracle-prompts-path prompts/oracle_prompts/default_oracle_prompts.json --oracle-eval-batch-size 128 --oracle-judge-batch-size 64 --judge-instruction-path strongReject_v5.jinja2 --judge-thinking off --wandb on --wandb-run-name gpu0_full_deterministic_shard_A_default 
[2026-05-22 20:42:42] Attempt log: logs/parallel_h200_20260522_195017/gpu0_full_deterministic_shard_A_default_attempt-1_oracle-eval-128_oracle-judge-64.log
