[2026-05-22 10:55:25] Parallel H200 run starting. Logs: logs/parallel_h200_20260522_105525
[2026-05-22 10:55:26] Shard A offset=0 limit=1 on GPU 0
[2026-05-22 10:55:26] Shard B offset=1 limit=1 on GPU 3
[2026-05-22 10:55:26] Prompt-only default then min-200 on GPU 1
[2026-05-22 10:55:26] Oracle target control once on GPU 2
[2026-05-22 10:55:26] Full deterministic oracle probes: rollout_segment,token_points; token point filter: post_prompt
[2026-05-22 10:55:26] DRY_RUN GPU 0: CUDA_VISIBLE_DEVICES=0 ./run_oracle_experiment.sh --preset target_judging_only --target-prompt-offset 0 --target-prompt-limit 1 --num-rollouts 1 --target-judge-batch-size 64 --judge-instruction-path strongReject_v5.jinja2 --judge-thinking off --wandb on --wandb-run-name gpu0_target_judging_shard_A 
[2026-05-22 10:55:26] DRY_RUN GPU 1: CUDA_VISIBLE_DEVICES=1 ./run_oracle_experiment.sh --preset prompt_only_oracle --target-prompt-offset 0 --target-prompt-limit 2 --num-oracle-rollouts 1 --oracle-prompts-path prompts/oracle_prompts/default_oracle_prompts.json --oracle-eval-batch-size 128 --oracle-judge-batch-size 64 --judge-instruction-path strongReject_v5.jinja2 --judge-thinking off --wandb on --wandb-run-name gpu1_prompt_only_default 
[2026-05-22 10:55:26] DRY_RUN GPU 2: CUDA_VISIBLE_DEVICES=2 ./run_oracle_experiment.sh --preset oracle_target_control --target-prompt-offset 0 --target-prompt-limit 2 --num-rollouts 1 --target-judge-batch-size 64 --judge-instruction-path strongReject_v5.jinja2 --judge-thinking off --wandb on --wandb-run-name gpu2_oracle_target_control 
[2026-05-22 10:55:26] DRY_RUN GPU 3: CUDA_VISIBLE_DEVICES=3 ./run_oracle_experiment.sh --preset target_judging_only --target-prompt-offset 1 --target-prompt-limit 1 --num-rollouts 1 --target-judge-batch-size 64 --judge-instruction-path strongReject_v5.jinja2 --judge-thinking off --wandb on --wandb-run-name gpu3_target_judging_shard_B 
[2026-05-22 10:55:26] DRY_RUN GPU 3: CUDA_VISIBLE_DEVICES=3 ./run_oracle_experiment.sh --preset full_deterministic_oracle --target-prompt-offset 1 --target-prompt-limit 1 --num-rollouts 1 --oracle-prompts-path prompts/oracle_prompts/default_oracle_prompts.json --oracle-input-types rollout_segment\,token_points --oracle-token-point-filter post_prompt --oracle-eval-batch-size 128 --oracle-judge-batch-size 64 --judge-instruction-path strongReject_v5.jinja2 --judge-thinking off --wandb on --wandb-run-name gpu3_full_deterministic_shard_B_default 
[2026-05-22 10:55:26] DRY_RUN GPU 1: CUDA_VISIBLE_DEVICES=1 ./run_oracle_experiment.sh --preset prompt_only_oracle --target-prompt-offset 0 --target-prompt-limit 2 --num-oracle-rollouts 1 --oracle-prompts-path prompts/oracle_prompts/model_answer_min_200_words.json --oracle-eval-batch-size 128 --oracle-judge-batch-size 64 --judge-instruction-path strongReject_v5.jinja2 --judge-thinking off --wandb on --wandb-run-name gpu1_prompt_only_min_200 
[2026-05-22 10:55:26] DRY_RUN GPU 0: CUDA_VISIBLE_DEVICES=0 ./run_oracle_experiment.sh --preset full_deterministic_oracle --target-prompt-offset 0 --target-prompt-limit 1 --num-rollouts 1 --oracle-prompts-path prompts/oracle_prompts/default_oracle_prompts.json --oracle-input-types rollout_segment\,token_points --oracle-token-point-filter post_prompt --oracle-eval-batch-size 128 --oracle-judge-batch-size 64 --judge-instruction-path strongReject_v5.jinja2 --judge-thinking off --wandb on --wandb-run-name gpu0_full_deterministic_shard_A_default 
[2026-05-22 10:55:26] DRY_RUN GPU 3: CUDA_VISIBLE_DEVICES=3 ./run_oracle_experiment.sh --preset full_deterministic_oracle --target-prompt-offset 1 --target-prompt-limit 1 --num-rollouts 1 --oracle-prompts-path prompts/oracle_prompts/model_answer_min_200_words.json --oracle-input-types rollout_segment\,token_points --oracle-token-point-filter post_prompt --oracle-eval-batch-size 128 --oracle-judge-batch-size 64 --judge-instruction-path strongReject_v5.jinja2 --judge-thinking off --wandb on --wandb-run-name gpu3_full_deterministic_shard_B_min_200 
[2026-05-22 10:55:26] DRY_RUN GPU 0: CUDA_VISIBLE_DEVICES=0 ./run_oracle_experiment.sh --preset full_deterministic_oracle --target-prompt-offset 0 --target-prompt-limit 1 --num-rollouts 1 --oracle-prompts-path prompts/oracle_prompts/model_answer_min_200_words.json --oracle-input-types rollout_segment\,token_points --oracle-token-point-filter post_prompt --oracle-eval-batch-size 128 --oracle-judge-batch-size 64 --judge-instruction-path strongReject_v5.jinja2 --judge-thinking off --wandb on --wandb-run-name gpu0_full_deterministic_shard_A_min_200 
[2026-05-22 10:55:26] Sequence completed: target/full shard A
[2026-05-22 10:55:26] Sequence completed: target/full shard B
[2026-05-22 10:55:26] Sequence completed: prompt-only wave 1/2
[2026-05-22 10:55:26] Sequence completed: oracle-target-control
[2026-05-22 10:55:26] All parallel H200 sequences completed successfully.
